--- Startup times for process: Primary (or UI client) ---

times in msec
 clock   self+sourced   self:  sourced script
 clock   elapsed:              other lines

000.001  000.001: --- NVIM STARTING ---
000.069  000.068: event init
000.296  000.226: early init
000.818  000.522: locale set
000.847  000.029: init first window
001.287  000.440: inits 1
001.293  000.007: window checked
001.402  000.108: parsing arguments
001.856  000.038  000.038: require('vim.shared')
001.932  000.033  000.033: require('vim.inspect')
001.968  000.028  000.028: require('vim._options')
001.973  000.115  000.053: require('vim._editor')
002.035  000.061  000.061: require('vim._system')
002.037  000.241  000.027: require('vim._init_packages')
002.039  000.396: init lua interpreter
004.733  002.695: nvim_ui_attach
005.028  000.295: nvim_set_client_info
005.030  000.002: --- NVIM STARTED ---

--- Startup times for process: Embedded ---

times in msec
 clock   self+sourced   self:  sourced script
 clock   elapsed:              other lines

000.000  000.000: --- NVIM STARTING ---
000.060  000.059: event init
000.181  000.122: early init
000.482  000.301: locale set
000.509  000.027: init first window
000.849  000.340: inits 1
000.862  000.013: window checked
000.959  000.097: parsing arguments
001.378  000.035  000.035: require('vim.shared')
001.448  000.029  000.029: require('vim.inspect')
001.480  000.027  000.027: require('vim._options')
001.484  000.104  000.048: require('vim._editor')
001.524  000.039  000.039: require('vim._system')
001.526  000.200  000.022: require('vim._init_packages')
001.528  000.368: init lua interpreter
003.068  001.540: expanding arguments
003.079  000.012: inits 2
003.297  000.217: init highlight
003.298  000.001: waiting for UI
003.410  000.113: done waiting for UI
003.417  000.007: clear screen
003.515  000.010  000.010: require('vim.keymap')
004.450  000.132  000.132: sourcing nvim_exec2()
004.628  001.209  001.067: require('vim._defaults')
004.629  000.003: init default mappings & autocommands
005.819  000.353  000.353: sourcing /usr/local/share/nvim/runtime/ftplugin.vim
005.995  000.113  000.113: sourcing /usr/local/share/nvim/runtime/indent.vim
007.785  000.266  000.266: require('vim._async')
007.825  001.413  001.146: require('vim.pack')
008.261  000.434  000.434: require('vim.version')
008.303  000.024  000.024: require('vim.fs')
008.455  000.004  000.004: require('vim.F')
011.315  000.233  000.233: require('mason-core.path')
012.215  000.223  000.223: require('mason-core.functional.data')
012.474  000.257  000.257: require('mason-core.functional.function')
012.801  000.322  000.322: require('mason-core.functional.list')
012.957  000.151  000.151: require('mason-core.functional.relation')
013.119  000.159  000.159: require('mason-core.functional.logic')
013.262  000.141  000.141: require('mason-core.functional.number')
013.453  000.185  000.185: require('mason-core.functional.string')
013.629  000.171  000.171: require('mason-core.functional.table')
013.785  000.136  000.136: require('mason-core.functional.type')
013.787  002.146  000.400: require('mason-core.functional')
013.819  002.503  000.357: require('mason-core.platform')
014.165  000.345  000.345: require('mason.settings')
014.169  003.425  000.345: require('mason-core.installer.InstallLocation')
015.130  000.407  000.407: require('mason-core.log')
015.132  000.578  000.170: require('mason-core.EventEmitter')
015.527  000.393  000.393: require('mason-registry.sources')
015.531  001.360  000.390: require('mason-registry')
015.533  005.481  000.695: require('mason')
016.086  000.452  000.452: require('mason.api.command')
017.108  000.191  000.191: require('vesper.config')
017.414  000.304  000.304: require('vesper.utils')
017.431  000.739  000.244: require('vesper.colors')
017.650  000.218  000.218: require('vesper.integrations.bufferline')
017.836  000.185  000.185: require('vesper.integrations.cmp')
018.000  000.163  000.163: require('vesper.integrations.telescope')
018.002  001.910  000.606: require('vesper')
019.905  001.894  001.894: require('mini.icons')
021.944  001.801  001.801: require('mini.ai')
023.772  001.446  001.446: require('mini.surround')
024.580  000.557  000.557: require('mini.comment')
025.072  000.384  000.384: require('mini.statusline')
025.400  000.297  000.297: require('which-key')
025.749  000.348  000.348: require('which-key.config')
026.154  000.363  000.363: require('blink.cmp')
026.766  000.248  000.248: require('blink.cmp.config.utils')
027.005  000.237  000.237: require('blink.cmp.config.keymap')
027.390  000.195  000.195: require('blink.cmp.config.completion.keyword')
027.580  000.189  000.189: require('blink.cmp.config.completion.trigger')
027.749  000.168  000.168: require('blink.cmp.config.completion.list')
027.877  000.127  000.127: require('blink.cmp.config.completion.accept')
028.166  000.289  000.289: require('blink.cmp.config.completion.menu')
028.385  000.217  000.217: require('blink.cmp.config.completion.documentation')
028.501  000.115  000.115: require('blink.cmp.config.completion.ghost_text')
028.502  001.496  000.197: require('blink.cmp.config.completion')
028.691  000.188  000.188: require('blink.cmp.config.fuzzy')
028.925  000.233  000.233: require('blink.cmp.config.sources')
029.150  000.223  000.223: require('blink.cmp.config.signature')
029.389  000.238  000.238: require('blink.cmp.config.snippets')
029.512  000.122  000.122: require('blink.cmp.config.appearance')
029.625  000.112  000.112: require('blink.cmp.config.modes.cmdline')
029.734  000.109  000.109: require('blink.cmp.config.modes.term')
029.736  003.578  000.371: require('blink.cmp.config')
030.682  000.156  000.156: require('blink.cmp.config.modes.types')
031.662  000.296  000.296: require('blink.cmp.lib.async')
032.261  000.274  000.274: require('blink.cmp.lib.utils')
032.492  000.230  000.230: require('blink.cmp.fuzzy.download.system')
032.507  000.710  000.207: require('blink.cmp.fuzzy.download.files')
032.508  000.845  000.135: require('blink.cmp.fuzzy.download.git')
032.510  001.459  000.318: require('blink.cmp.fuzzy.download')
035.642  000.454  000.454: require('snacks')
035.705  029.584  007.130: require('plugins')
037.649  001.518  001.518: sourcing /Users/jsmith/.local/share/nvim/site/pack/core/opt/vesper.nvim/colors/vesper.lua
037.715  002.009  000.491: require('options')
038.010  000.293  000.293: require('keymaps')
038.110  000.099  000.099: require('autocmds')
041.324  001.780  001.780: require('vim.lsp.protocol')
041.351  002.141  000.361: require('vim.lsp.log')
042.772  001.418  001.418: require('vim.lsp.util')
043.451  000.307  000.307: require('vim.lsp.sync')
043.455  000.681  000.374: require('vim.lsp._changetracking')
044.268  000.338  000.338: require('vim.lsp._transport')
044.580  000.003  000.003: require('string.buffer')
044.581  000.292  000.289: require('vim._stringbuffer')
044.584  001.128  000.499: require('vim.lsp.rpc')
044.630  006.440  001.071: require('vim.lsp')
046.011  001.370  001.370: require('vim.diagnostic')
046.023  007.911  000.101: require('lsp')
046.024  039.937  000.040: sourcing /Users/jsmith/.config/nvim/init.lua
046.032  001.000: sourcing vimrc file(s)
046.547  000.124  000.124: sourcing /Applications/Ghostty.app/Contents/Resources/ghostty/../nvim/site/ftdetect/ghostty.vim
046.561  000.258  000.134: sourcing nvim_exec2() called at /usr/local/share/nvim/runtime/filetype.lua:0
046.563  000.442  000.184: sourcing /usr/local/share/nvim/runtime/filetype.lua
046.959  000.114  000.114: sourcing /usr/local/share/nvim/runtime/syntax/synload.vim
047.012  000.406  000.291: sourcing /usr/local/share/nvim/runtime/syntax/syntax.vim
049.568  000.110  000.110: sourcing /Users/jsmith/.local/share/nvim/site/pack/core/opt/which-key.nvim/plugin/which-key.lua
049.891  000.100  000.100: sourcing /Users/jsmith/.local/share/nvim/site/pack/core/opt/snacks.nvim/plugin/snacks.lua
050.946  000.179  000.179: require('blink.cmp.lib.event_emitter')
050.950  000.525  000.346: require('blink.cmp.sources.lib')
051.019  001.005  000.480: sourcing /Users/jsmith/.local/share/nvim/site/pack/core/opt/blink.cmp/plugin/blink-cmp.lua
052.005  000.450  000.450: require('lspconfig.util')
052.016  000.653  000.204: sourcing /Users/jsmith/.local/share/nvim/site/pack/core/opt/nvim-lspconfig/plugin/lspconfig.lua
053.319  000.301  000.301: sourcing /usr/local/share/nvim/runtime/plugin/gzip.vim
054.243  000.312  000.312: sourcing /usr/local/share/nvim/runtime/pack/dist/opt/matchit/plugin/matchit.vim
054.268  000.921  000.609: sourcing /usr/local/share/nvim/runtime/plugin/matchit.vim
054.464  000.172  000.172: sourcing /usr/local/share/nvim/runtime/plugin/matchparen.vim
055.290  000.307  000.307: sourcing /usr/local/share/nvim/runtime/pack/dist/opt/netrw/plugin/netrwPlugin.vim
055.314  000.824  000.518: sourcing /usr/local/share/nvim/runtime/plugin/netrwPlugin.vim
055.550  000.201  000.201: sourcing /usr/local/share/nvim/runtime/plugin/rplugin.vim
055.751  000.172  000.172: sourcing /usr/local/share/nvim/runtime/plugin/shada.vim
056.013  000.199  000.199: sourcing /usr/local/share/nvim/runtime/plugin/spellfile.vim
056.196  000.139  000.139: sourcing /usr/local/share/nvim/runtime/plugin/tarPlugin.vim
056.264  000.035  000.035: sourcing /usr/local/share/nvim/runtime/plugin/tutor.vim
056.446  000.150  000.150: sourcing /usr/local/share/nvim/runtime/plugin/zipPlugin.vim
056.539  000.061  000.061: sourcing /usr/local/share/nvim/runtime/plugin/editorconfig.lua
056.638  000.068  000.068: sourcing /usr/local/share/nvim/runtime/plugin/man.lua
056.831  000.160  000.160: sourcing /usr/local/share/nvim/runtime/plugin/nvim/net.lua
056.954  000.084  000.084: sourcing /usr/local/share/nvim/runtime/plugin/osc52.lua
057.062  000.075  000.075: sourcing /usr/local/share/nvim/runtime/plugin/shada.lua
057.149  000.053  000.053: sourcing /usr/local/share/nvim/runtime/plugin/tohtml.lua
057.173  004.809: loading rtp plugins
057.317  000.144: loading packages
057.579  000.262: loading after plugins
057.589  000.010: inits 3
058.298  000.709: reading ShaDa
058.382  000.084: opening buffers
058.431  000.049: BufEnter autocommands
058.432  000.002: editing files in windows
063.836  005.264  005.264: sourcing /usr/local/share/nvim/runtime/autoload/netrw.vim
064.246  000.196  000.196: sourcing /Users/jsmith/.local/share/nvim/.netrwhist
065.944  000.889  000.889: require('vim.filetype')
067.468  001.284  001.284: require('vim.filetype.detect')
070.219  000.366  000.366: sourcing /usr/local/share/nvim/runtime/syntax/netrw.vim
070.412  000.115  000.115: sourcing /usr/local/share/nvim/runtime/pack/dist/opt/netrw/syntax/netrw.vim
072.327  000.141  000.141: sourcing /usr/local/share/nvim/runtime/syntax/netrw.vim
072.388  000.005  000.005: sourcing /usr/local/share/nvim/runtime/pack/dist/opt/netrw/syntax/netrw.vim
074.404  000.344  000.344: sourcing /usr/local/share/nvim/runtime/autoload/provider/clipboard.vim
076.639  000.759  000.759: require('vim.lsp.client')
078.819  000.146  000.146: sourcing /usr/local/share/nvim/runtime/syntax/netrw.vim
078.882  000.006  000.006: sourcing /usr/local/share/nvim/runtime/pack/dist/opt/netrw/syntax/netrw.vim
078.959  011.013: VimEnter autocommands
080.848  000.578  000.578: require('snacks.util')
080.868  001.901  001.323: require('snacks.dashboard')
081.315  000.319  000.319: require('snacks.picker')
081.739  000.421  000.421: require('snacks.picker.config')
082.097  000.357  000.357: require('snacks.picker.config.highlights')
082.511  000.413  000.413: require('snacks.picker.config.defaults')
083.256  000.744  000.744: require('snacks.picker.config.sources')
083.527  000.270  000.270: require('snacks.picker.config.layouts')
085.985  000.304  000.304: require('vim.ui')
086.004  002.317: UIEnter autocommands
086.006  000.002: before starting main loop
086.804  000.798: first screen update
086.805  000.001: --- NVIM STARTED ---

